TN:
SF:/Users/dhani/dev/napp/public/sass/styles.scss
FNF:0
FNH:0
LF:0
LH:0
BRF:0
BRH:0
end_of_record
TN:
SF:/Users/dhani/dev/napp/src/actions/AuthActions.js
FN:21,_interopRequireDefault
FN:25,logUserIn
FN:27,logUserOut
FNF:3
FNH:1
FNDA:10,_interopRequireDefault
FNDA:0,logUserIn
FNDA:0,logUserOut
DA:1,5
DA:21,10
LF:2
LH:2
BRDA:21,0,0,10
BRDA:21,0,1,0
BRDA:21,1,0,10
BRDA:21,1,1,10
BRF:4
BRH:3
end_of_record
TN:
SF:/Users/dhani/dev/napp/src/actions/newsActions.js
FN:23,_interopRequireDefault
FN:23,_interopRequireWildcard
FN:25,getSources
FN:25,(anonymous_3)
FN:30,getArticles
FN:30,(anonymous_5)
FNF:6
FNH:6
FNDA:6,_interopRequireDefault
FNDA:3,_interopRequireWildcard
FNDA:6,getSources
FNDA:6,(anonymous_3)
FNDA:4,getArticles
FNDA:4,(anonymous_5)
DA:1,3
DA:23,6
DA:25,6
DA:30,4
LF:4
LH:4
BRDA:23,0,0,6
BRDA:23,0,1,0
BRDA:23,1,0,6
BRDA:23,1,1,6
BRDA:23,2,0,3
BRDA:23,2,1,0
BRDA:23,3,0,3
BRDA:23,3,1,3
BRDA:23,4,0,0
BRDA:23,4,1,0
BRDA:23,5,0,0
BRDA:23,5,1,0
BRF:12
BRH:6
end_of_record
TN:
SF:/Users/dhani/dev/napp/src/components/About.jsx
FN:5,_interopRequireDefault
FN:7,About
FNF:2
FNH:2
FNDA:4,_interopRequireDefault
FNDA:1,About
DA:1,1
DA:5,4
DA:7,1
LF:3
LH:3
BRDA:5,0,0,3
BRDA:5,0,1,1
BRDA:5,1,0,4
BRDA:5,1,1,4
BRF:4
BRH:4
end_of_record
TN:
SF:/Users/dhani/dev/napp/src/components/AboutSlider.jsx
FN:3,_interopRequireDefault
FN:5,AboutSlider
FNF:2
FNH:2
FNDA:4,_interopRequireDefault
FNDA:2,AboutSlider
DA:1,2
DA:3,4
DA:5,2
LF:3
LH:3
BRDA:3,0,0,2
BRDA:3,0,1,2
BRDA:3,1,0,4
BRDA:3,1,1,4
BRF:4
BRH:4
end_of_record
TN:
SF:/Users/dhani/dev/napp/src/components/Article.jsx
FN:1,(anonymous_0)
FN:1,defineProperties
FN:1,(anonymous_2)
FN:10,_interopRequireWildcard
FN:10,_interopRequireDefault
FN:10,_classCallCheck
FN:10,_possibleConstructorReturn
FN:10,_inherits
FN:19,(anonymous_8)
FN:29,Article
FN:43,componentWillMount
FN:61,fetchNewsArticles
FN:70,fetchNewsSources
FN:73,goback
FN:86,render
FN:105,(anonymous_15)
FN:111,(anonymous_16)
FN:134,onClick
FN:161,(anonymous_18)
FNF:19
FNH:17
FNDA:1,(anonymous_0)
FNDA:1,defineProperties
FNDA:1,(anonymous_2)
FNDA:1,_interopRequireWildcard
FNDA:8,_interopRequireDefault
FNDA:3,_classCallCheck
FNDA:3,_possibleConstructorReturn
FNDA:1,_inherits
FNDA:1,(anonymous_8)
FNDA:3,Article
FNDA:3,componentWillMount
FNDA:7,fetchNewsArticles
FNDA:7,fetchNewsSources
FNDA:0,goback
FNDA:19,render
FNDA:13,(anonymous_15)
FNDA:2,(anonymous_16)
FNDA:0,onClick
FNDA:44,(anonymous_18)
DA:1,5
DA:10,8
DA:19,1
DA:29,3
DA:43,1
DA:45,3
DA:46,3
DA:47,3
DA:48,3
DA:52,3
DA:63,7
DA:72,7
DA:78,0
DA:89,19
DA:90,19
DA:91,19
DA:92,19
DA:93,19
DA:94,19
DA:96,19
DA:106,13
DA:112,2
DA:162,44
DA:209,1
LF:24
LH:23
BRDA:1,0,0,5
BRDA:1,0,1,5
BRDA:1,1,0,5
BRDA:1,1,1,0
BRDA:1,2,0,1
BRDA:1,2,1,0
BRDA:1,3,0,0
BRDA:1,3,1,1
BRDA:10,4,0,1
BRDA:10,4,1,0
BRDA:10,5,0,1
BRDA:10,5,1,1
BRDA:10,6,0,0
BRDA:10,6,1,0
BRDA:10,7,0,0
BRDA:10,7,1,0
BRDA:10,8,0,4
BRDA:10,8,1,4
BRDA:10,9,0,8
BRDA:10,9,1,8
BRDA:10,10,0,0
BRDA:10,10,1,3
BRDA:10,11,0,0
BRDA:10,11,1,3
BRDA:10,12,0,0
BRDA:10,12,1,3
BRDA:10,13,0,3
BRDA:10,13,1,0
BRDA:10,13,2,0
BRDA:10,14,0,0
BRDA:10,14,1,1
BRDA:10,15,0,1
BRDA:10,15,1,0
BRDA:10,16,0,1
BRDA:10,16,1,1
BRDA:10,17,0,1
BRDA:10,17,1,0
BRDA:10,18,0,1
BRDA:10,18,1,0
BRDA:29,19,0,3
BRDA:29,19,1,0
BRDA:106,20,0,1
BRDA:106,20,1,12
BRF:43
BRH:25
end_of_record
TN:
SF:/Users/dhani/dev/napp/src/components/Bar.jsx
FN:4,Bar
FNF:1
FNH:1
FNDA:7,Bar
DA:1,4
DA:4,4
LF:2
LH:2
BRF:0
BRH:0
end_of_record
TN:
SF:/Users/dhani/dev/napp/src/components/ContactUs.jsx
FN:5,_interopRequireDefault
FN:7,ContactUs
FNF:2
FNH:2
FNDA:4,_interopRequireDefault
FNDA:1,ContactUs
DA:1,1
DA:5,4
DA:7,1
LF:3
LH:3
BRDA:5,0,0,3
BRDA:5,0,1,1
BRDA:5,1,0,4
BRDA:5,1,1,4
BRF:4
BRH:4
end_of_record
TN:
SF:/Users/dhani/dev/napp/src/components/ContactUsSlider.jsx
FN:3,_interopRequireDefault
FN:5,ContactUsSlider
FNF:2
FNH:2
FNDA:4,_interopRequireDefault
FNDA:2,ContactUsSlider
DA:1,2
DA:3,4
DA:5,2
LF:3
LH:3
BRDA:3,0,0,2
BRDA:3,0,1,2
BRDA:3,1,0,4
BRDA:3,1,1,4
BRF:4
BRH:4
end_of_record
TN:
SF:/Users/dhani/dev/napp/src/components/Footer.jsx
FN:4,Footer
FNF:1
FNH:1
FNDA:16,Footer
DA:1,4
DA:4,4
LF:2
LH:2
BRF:0
BRH:0
end_of_record
TN:
SF:/Users/dhani/dev/napp/src/components/Header.jsx
FN:1,(anonymous_0)
FN:1,defineProperties
FN:1,(anonymous_2)
FN:6,_interopRequireWildcard
FN:6,_interopRequireDefault
FN:6,_classCallCheck
FN:6,_possibleConstructorReturn
FN:6,_inherits
FNF:8
FNH:8
FNDA:4,(anonymous_0)
FNDA:4,defineProperties
FNDA:4,(anonymous_2)
FNDA:4,_interopRequireWildcard
FNDA:8,_interopRequireDefault
FNDA:5,_classCallCheck
FNDA:5,_possibleConstructorReturn
FNDA:4,_inherits
DA:1,16
DA:6,8
DA:8,4
DA:9,4
LF:4
LH:4
BRDA:1,0,0,16
BRDA:1,0,1,16
BRDA:1,1,0,16
BRDA:1,1,1,0
BRDA:1,2,0,4
BRDA:1,2,1,0
BRDA:1,3,0,0
BRDA:1,3,1,4
BRDA:6,4,0,4
BRDA:6,4,1,0
BRDA:6,5,0,4
BRDA:6,5,1,4
BRDA:6,6,0,0
BRDA:6,6,1,0
BRDA:6,7,0,0
BRDA:6,7,1,0
BRDA:6,8,0,4
BRDA:6,8,1,4
BRDA:6,9,0,8
BRDA:6,9,1,8
BRDA:6,10,0,0
BRDA:6,10,1,5
BRDA:6,11,0,0
BRDA:6,11,1,5
BRDA:6,12,0,0
BRDA:6,12,1,5
BRDA:6,13,0,5
BRDA:6,13,1,0
BRDA:6,13,2,0
BRDA:6,14,0,0
BRDA:6,14,1,4
BRDA:6,15,0,4
BRDA:6,15,1,0
BRDA:6,16,0,4
BRDA:6,16,1,4
BRDA:6,17,0,4
BRDA:6,17,1,0
BRDA:6,18,0,4
BRDA:6,18,1,0
BRF:39
BRH:22
end_of_record
TN:
SF:/Users/dhani/dev/napp/src/components/Source.jsx
FN:1,(anonymous_0)
FN:1,defineProperties
FN:1,(anonymous_2)
FN:8,_interopRequireWildcard
FN:8,_interopRequireDefault
FN:8,_classCallCheck
FN:8,_possibleConstructorReturn
FN:8,_inherits
FN:15,(anonymous_8)
FN:22,Source
FN:35,componentWillMount
FN:45,fetchNewsSources
FN:53,_handleChange
FN:63,render
FN:71,(anonymous_14)
FN:92,(anonymous_15)
FN:96,(anonymous_16)
FNF:17
FNH:15
FNDA:1,(anonymous_0)
FNDA:1,defineProperties
FNDA:1,(anonymous_2)
FNDA:1,_interopRequireWildcard
FNDA:6,_interopRequireDefault
FNDA:2,_classCallCheck
FNDA:2,_possibleConstructorReturn
FNDA:1,_inherits
FNDA:1,(anonymous_8)
FNDA:2,Source
FNDA:2,componentWillMount
FNDA:3,fetchNewsSources
FNDA:0,_handleChange
FNDA:5,render
FNDA:0,(anonymous_14)
FNDA:3,(anonymous_15)
FNDA:3,(anonymous_16)
DA:1,4
DA:8,6
DA:15,1
DA:22,2
DA:35,1
DA:37,2
DA:47,3
DA:55,0
DA:65,5
DA:66,5
DA:67,5
DA:68,5
DA:70,5
DA:71,0
DA:72,0
DA:77,5
DA:93,3
DA:97,3
DA:116,1
LF:19
LH:16
BRDA:1,0,0,4
BRDA:1,0,1,4
BRDA:1,1,0,4
BRDA:1,1,1,0
BRDA:1,2,0,1
BRDA:1,2,1,0
BRDA:1,3,0,0
BRDA:1,3,1,1
BRDA:8,4,0,1
BRDA:8,4,1,0
BRDA:8,5,0,1
BRDA:8,5,1,1
BRDA:8,6,0,0
BRDA:8,6,1,0
BRDA:8,7,0,0
BRDA:8,7,1,0
BRDA:8,8,0,4
BRDA:8,8,1,2
BRDA:8,9,0,6
BRDA:8,9,1,6
BRDA:8,10,0,0
BRDA:8,10,1,2
BRDA:8,11,0,0
BRDA:8,11,1,2
BRDA:8,12,0,0
BRDA:8,12,1,2
BRDA:8,13,0,2
BRDA:8,13,1,0
BRDA:8,13,2,0
BRDA:8,14,0,0
BRDA:8,14,1,1
BRDA:8,15,0,1
BRDA:8,15,1,0
BRDA:8,16,0,1
BRDA:8,16,1,1
BRDA:8,17,0,1
BRDA:8,17,1,0
BRDA:8,18,0,1
BRDA:8,18,1,0
BRDA:22,19,0,2
BRDA:22,19,1,0
BRDA:70,20,0,0
BRDA:70,20,1,5
BRF:43
BRH:24
end_of_record
TN:
SF:/Users/dhani/dev/napp/src/components/SourceSlider.jsx
FN:3,_interopRequireDefault
FN:5,SourceSlider
FNF:2
FNH:2
FNDA:4,_interopRequireDefault
FNDA:3,SourceSlider
DA:1,2
DA:3,4
DA:5,2
LF:3
LH:3
BRDA:3,0,0,2
BRDA:3,0,1,2
BRDA:3,1,0,4
BRDA:3,1,1,4
BRF:4
BRH:4
end_of_record
TN:
SF:/Users/dhani/dev/napp/src/components/containers/HomeContents.jsx
FN:4,HomeContents
FNF:1
FNH:1
FNDA:1,HomeContents
DA:1,1
DA:4,1
LF:2
LH:2
BRF:0
BRH:0
end_of_record
TN:
SF:/Users/dhani/dev/napp/src/constants/AuthConstants.js
FN:1,_interopRequireDefault
FNF:1
FNH:1
FNDA:5,_interopRequireDefault
DA:1,5
LF:1
LH:1
BRDA:1,0,0,0
BRDA:1,0,1,5
BRDA:1,1,0,5
BRDA:1,1,1,5
BRF:4
BRH:3
end_of_record
TN:
SF:/Users/dhani/dev/napp/src/constants/newsConstants.js
FN:1,_interopRequireDefault
FNF:1
FNH:1
FNDA:5,_interopRequireDefault
DA:1,5
LF:1
LH:1
BRDA:1,0,0,0
BRDA:1,0,1,5
BRDA:1,1,0,5
BRDA:1,1,1,5
BRF:4
BRH:3
end_of_record
TN:
SF:/Users/dhani/dev/napp/src/dispatcher/AppDispatcher.js
FNF:0
FNH:0
DA:1,9
LF:1
LH:1
BRF:0
BRH:0
end_of_record
TN:
SF:/Users/dhani/dev/napp/src/stores/AuthStore.js
FN:1,(anonymous_0)
FN:1,defineProperties
FN:1,(anonymous_2)
FN:3,_interopRequireDefault
FN:3,_classCallCheck
FN:3,_possibleConstructorReturn
FN:3,_inherits
FN:13,setUser
FN:23,removeUser
FN:69,(anonymous_9)
FNF:10
FNH:8
FNDA:4,(anonymous_0)
FNDA:4,defineProperties
FNDA:4,(anonymous_2)
FNDA:8,_interopRequireDefault
FNDA:4,_classCallCheck
FNDA:4,_possibleConstructorReturn
FNDA:4,_inherits
FNDA:0,setUser
FNDA:0,removeUser
FNDA:8,(anonymous_9)
DA:1,16
DA:3,8
DA:6,4
DA:14,0
DA:15,0
DA:16,0
DA:24,0
DA:25,0
DA:63,4
DA:69,4
DA:71,8
DA:74,0
DA:75,0
DA:76,0
DA:79,0
DA:80,0
DA:81,0
LF:17
LH:6
BRDA:1,0,0,16
BRDA:1,0,1,16
BRDA:1,1,0,16
BRDA:1,1,1,0
BRDA:1,2,0,4
BRDA:1,2,1,0
BRDA:1,3,0,0
BRDA:1,3,1,4
BRDA:3,4,0,8
BRDA:3,4,1,0
BRDA:3,5,0,8
BRDA:3,5,1,8
BRDA:3,6,0,0
BRDA:3,6,1,4
BRDA:3,7,0,0
BRDA:3,7,1,4
BRDA:3,8,0,0
BRDA:3,8,1,4
BRDA:3,9,0,4
BRDA:3,9,1,0
BRDA:3,9,2,0
BRDA:3,10,0,0
BRDA:3,10,1,4
BRDA:3,11,0,4
BRDA:3,11,1,0
BRDA:3,12,0,4
BRDA:3,12,1,4
BRDA:3,13,0,4
BRDA:3,13,1,0
BRDA:3,14,0,4
BRDA:3,14,1,0
BRDA:14,15,0,0
BRDA:14,15,1,0
BRDA:71,16,0,0
BRDA:71,16,1,0
BRDA:71,16,2,8
BRF:36
BRH:19
end_of_record
TN:
SF:/Users/dhani/dev/napp/src/stores/articlesStore.js
FN:1,(anonymous_0)
FN:1,defineProperties
FN:1,(anonymous_2)
FN:2,_interopRequireDefault
FN:2,_classCallCheck
FN:2,_possibleConstructorReturn
FN:2,_inherits
FN:4,(anonymous_7)
FN:5,ArticlesStores
FN:12,fetchNewsArticles
FN:20,addChangeListener
FN:28,removeChangeListener
FN:36,handleGetArticlesAction
FNF:13
FNH:11
FNDA:2,(anonymous_0)
FNDA:2,defineProperties
FNDA:2,(anonymous_2)
FNDA:2,_interopRequireDefault
FNDA:2,_classCallCheck
FNDA:2,_possibleConstructorReturn
FNDA:2,_inherits
FNDA:2,(anonymous_7)
FNDA:2,ArticlesStores
FNDA:8,fetchNewsArticles
FNDA:0,addChangeListener
FNDA:0,removeChangeListener
FNDA:7,handleGetArticlesAction
DA:1,8
DA:2,2
DA:4,2
DA:5,2
DA:12,2
DA:14,8
DA:22,0
DA:30,0
DA:38,7
DA:41,4
DA:42,4
DA:43,4
DA:46,2
DA:50,2
LF:14
LH:12
BRDA:1,0,0,8
BRDA:1,0,1,8
BRDA:1,1,0,8
BRDA:1,1,1,0
BRDA:1,2,0,2
BRDA:1,2,1,0
BRDA:1,3,0,0
BRDA:1,3,1,2
BRDA:2,4,0,2
BRDA:2,4,1,0
BRDA:2,5,0,2
BRDA:2,5,1,2
BRDA:2,6,0,0
BRDA:2,6,1,2
BRDA:2,7,0,0
BRDA:2,7,1,2
BRDA:2,8,0,0
BRDA:2,8,1,2
BRDA:2,9,0,2
BRDA:2,9,1,0
BRDA:2,9,2,0
BRDA:2,10,0,0
BRDA:2,10,1,2
BRDA:2,11,0,2
BRDA:2,11,1,0
BRDA:2,12,0,2
BRDA:2,12,1,2
BRDA:2,13,0,2
BRDA:2,13,1,0
BRDA:2,14,0,2
BRDA:2,14,1,0
BRDA:5,15,0,2
BRDA:5,15,1,0
BRDA:38,16,0,4
BRF:34
BRH:20
end_of_record
TN:
SF:/Users/dhani/dev/napp/src/stores/sourcesStore.js
FN:1,(anonymous_0)
FN:1,defineProperties
FN:1,(anonymous_2)
FN:2,_interopRequireDefault
FN:2,_classCallCheck
FN:2,_possibleConstructorReturn
FN:2,_inherits
FN:6,(anonymous_7)
FN:7,SourcesStore
FN:14,fetchNewsSources
FN:22,addChangeListener
FN:30,removeChangeListener
FN:38,handleGetSourceAction
FNF:13
FNH:11
FNDA:3,(anonymous_0)
FNDA:3,defineProperties
FNDA:3,(anonymous_2)
FNDA:3,_interopRequireDefault
FNDA:3,_classCallCheck
FNDA:3,_possibleConstructorReturn
FNDA:3,_inherits
FNDA:3,(anonymous_7)
FNDA:3,SourcesStore
FNDA:11,fetchNewsSources
FNDA:0,addChangeListener
FNDA:0,removeChangeListener
FNDA:9,handleGetSourceAction
DA:1,12
DA:2,3
DA:6,3
DA:7,3
DA:14,3
DA:16,11
DA:24,0
DA:32,0
DA:40,9
DA:42,6
DA:43,6
DA:44,6
DA:47,3
DA:51,3
LF:14
LH:12
BRDA:1,0,0,12
BRDA:1,0,1,12
BRDA:1,1,0,12
BRDA:1,1,1,0
BRDA:1,2,0,3
BRDA:1,2,1,0
BRDA:1,3,0,0
BRDA:1,3,1,3
BRDA:2,4,0,3
BRDA:2,4,1,0
BRDA:2,5,0,3
BRDA:2,5,1,3
BRDA:2,6,0,0
BRDA:2,6,1,3
BRDA:2,7,0,0
BRDA:2,7,1,3
BRDA:2,8,0,0
BRDA:2,8,1,3
BRDA:2,9,0,3
BRDA:2,9,1,0
BRDA:2,9,2,0
BRDA:2,10,0,0
BRDA:2,10,1,3
BRDA:2,11,0,3
BRDA:2,11,1,0
BRDA:2,12,0,3
BRDA:2,12,1,3
BRDA:2,13,0,3
BRDA:2,13,1,0
BRDA:2,14,0,3
BRDA:2,14,1,0
BRDA:7,15,0,3
BRDA:7,15,1,0
BRDA:40,16,0,6
BRF:34
BRH:20
end_of_record
TN:
SF:/Users/dhani/dev/napp/src/utils/auth0.js
FN:1,(anonymous_0)
FN:1,(anonymous_1)
FN:1,a
FN:1,e
FN:1,(anonymous_4)
FN:1,(anonymous_5)
FN:1,d
FN:1,e
FN:1,f
FN:1,g
FN:1,h
FN:1,i
FN:1,(anonymous_12)
FN:1,(anonymous_13)
FN:1,(anonymous_14)
FN:1,(anonymous_15)
FN:1,(anonymous_16)
FN:1,(anonymous_17)
FN:1,(anonymous_18)
FN:1,(anonymous_19)
FN:1,(anonymous_20)
FN:1,(anonymous_21)
FN:1,i
FN:1,(anonymous_23)
FN:1,(anonymous_24)
FN:1,(anonymous_25)
FN:1,(anonymous_26)
FN:1,(anonymous_27)
FN:1,(anonymous_28)
FN:1,error
FN:1,success
FN:1,(anonymous_31)
FN:1,(anonymous_32)
FN:1,g
FN:1,(anonymous_34)
FN:1,c
FN:1,d
FN:1,(anonymous_37)
FN:1,error
FN:1,(anonymous_39)
FN:1,c
FN:1,(anonymous_41)
FN:1,error
FN:1,success
FN:1,(anonymous_44)
FN:1,(anonymous_45)
FN:1,(anonymous_46)
FN:1,(anonymous_47)
FN:1,(anonymous_48)
FN:1,(anonymous_49)
FN:1,c
FN:1,d
FN:1,(anonymous_52)
FN:1,e
FN:1,(anonymous_54)
FN:1,(anonymous_55)
FN:1,(anonymous_56)
FN:1,(anonymous_57)
FN:1,(anonymous_58)
FN:1,(anonymous_59)
FN:1,(anonymous_60)
FN:1,(anonymous_61)
FN:1,(anonymous_62)
FN:1,(anonymous_63)
FN:1,(anonymous_64)
FN:1,(anonymous_65)
FN:1,(anonymous_66)
FN:1,c
FN:1,(anonymous_68)
FN:1,(anonymous_69)
FN:1,success
FN:1,error
FN:1,(anonymous_72)
FN:1,c
FN:1,(anonymous_74)
FN:1,(anonymous_75)
FN:1,success
FN:1,error
FN:1,(anonymous_78)
FN:1,(anonymous_79)
FN:1,(anonymous_80)
FN:1,c
FN:1,(anonymous_82)
FN:1,success
FN:1,error
FN:1,(anonymous_85)
FN:1,(anonymous_86)
FN:1,(anonymous_87)
FN:1,(anonymous_88)
FN:1,(anonymous_89)
FN:1,(anonymous_90)
FN:1,(anonymous_91)
FN:1,(anonymous_92)
FN:1,(anonymous_93)
FN:1,(anonymous_94)
FN:1,(anonymous_95)
FN:1,success
FN:1,error
FN:1,(anonymous_98)
FN:1,(anonymous_99)
FN:1,(anonymous_100)
FN:1,(anonymous_101)
FN:1,(anonymous_102)
FN:1,(anonymous_103)
FN:1,(anonymous_104)
FN:1,(anonymous_105)
FN:1,(anonymous_106)
FN:1,(anonymous_107)
FN:1,(anonymous_108)
FN:1,(anonymous_109)
FN:1,(anonymous_110)
FN:1,(anonymous_111)
FN:1,d
FN:1,(anonymous_113)
FN:1,d
FN:1,(anonymous_115)
FN:1,d
FN:1,e
FN:1,(anonymous_118)
FN:1,d
FN:1,e
FN:1,(anonymous_121)
FN:1,d
FN:1,(anonymous_123)
FN:1,(anonymous_124)
FN:1,d
FN:1,(anonymous_126)
FN:1,d
FN:1,(anonymous_128)
FN:1,(anonymous_129)
FN:1,(anonymous_130)
FN:1,(anonymous_131)
FN:1,(anonymous_132)
FN:1,(anonymous_133)
FN:1,d
FN:1,e
FN:1,(anonymous_136)
FN:1,f
FN:1,g
FN:1,h
FN:1,(anonymous_140)
FN:1,(anonymous_141)
FN:1,d
FN:1,e
FN:1,b
FN:1,e
FN:1,(anonymous_146)
FN:1,f
FN:1,g
FN:1,h
FN:1,i
FN:1,(anonymous_151)
FN:1,d
FN:1,e
FN:1,f
FN:1,g
FN:1,(anonymous_156)
FN:1,(anonymous_157)
FN:1,(anonymous_158)
FN:1,f
FN:1,quote
FN:1,(anonymous_161)
FN:1,str
FN:1,(anonymous_163)
FN:1,(anonymous_164)
FN:1,(anonymous_165)
FN:1,(anonymous_166)
FN:1,walk
FN:1,(anonymous_168)
FN:1,(anonymous_169)
FN:1,d
FN:1,e
FN:1,e
FN:1,(anonymous_173)
FN:1,(anonymous_174)
FN:1,(anonymous_175)
FN:1,d
FN:1,e
FN:1,f
FN:1,g
FN:1,h
FN:1,(anonymous_181)
FN:1,i
FN:1,(anonymous_183)
FN:1,j
FN:1,k
FN:2,l
FN:2,m
FN:2,n
FN:2,o
FN:2,(anonymous_190)
FN:2,(anonymous_191)
FN:2,(anonymous_192)
FN:2,(anonymous_193)
FN:2,(anonymous_194)
FN:2,(anonymous_195)
FN:2,v
FN:2,(anonymous_197)
FN:2,(anonymous_198)
FN:2,(anonymous_199)
FN:2,(anonymous_200)
FN:2,(anonymous_201)
FN:2,succeed
FN:2,handleReadyState
FN:2,(anonymous_204)
FN:2,setHeaders
FN:2,setCredentials
FN:2,generalCallback
FN:2,urlappend
FN:2,handleJsonp
FN:2,(anonymous_210)
FN:2,abort
FN:2,getRequest
FN:2,(anonymous_213)
FN:2,(anonymous_214)
FN:2,Reqwest
FN:2,setType
FN:2,init
FN:2,complete
FN:2,success
FN:2,timedOut
FN:2,error
FN:2,(anonymous_222)
FN:2,(anonymous_223)
FN:2,(anonymous_224)
FN:2,(anonymous_225)
FN:2,(anonymous_226)
FN:2,(anonymous_227)
FN:2,reqwest
FN:2,normalize
FN:2,serial
FN:2,i
FN:2,eachFormElement
FN:2,d
FN:2,serializeQueryString
FN:2,serializeHash
FN:2,(anonymous_236)
FN:2,buildParams
FN:2,noop
FN:2,(anonymous_239)
FN:2,xhr
FN:2,dataFilter
FN:2,abort
FN:2,retry
FN:2,then
FN:2,(anonymous_245)
FN:2,(anonymous_246)
FN:2,always
FN:2,fail
FN:2,_catch
FN:2,(anonymous_250)
FN:2,(anonymous_251)
FN:2,(anonymous_252)
FN:2,(anonymous_253)
FN:2,h
FN:2,(anonymous_255)
FN:2,(anonymous_256)
FN:2,(anonymous_257)
FN:2,(anonymous_258)
FN:2,d
FN:2,(anonymous_260)
FN:2,(anonymous_261)
FN:2,(anonymous_262)
FN:2,(anonymous_263)
FN:2,a
FN:2,b
FN:2,c
FN:2,d
FN:2,e
FN:2,f
FN:2,g
FN:2,open
FN:2,g
FN:2,k
FN:2,(anonymous_274)
FN:2,(anonymous_275)
FN:2,(anonymous_276)
FN:2,focus
FN:2,onOpen
FN:2,d
FN:2,e
FN:2,(anonymous_281)
FN:2,(anonymous_282)
FN:2,f
FN:2,(anonymous_284)
FN:2,m
FN:2,detach
FN:2,open
FN:2,(anonymous_288)
FN:2,onOpen
FN:2,(anonymous_290)
FN:2,(anonymous_291)
FN:2,d
FN:2,(anonymous_293)
FN:2,d
FN:2,(anonymous_295)
FN:2,f
FN:2,(anonymous_297)
FN:2,(anonymous_298)
FN:2,(anonymous_299)
FN:2,e
FN:2,(anonymous_301)
FN:2,(anonymous_302)
FN:2,(anonymous_303)
FN:2,c
FN:2,(anonymous_305)
FN:2,(anonymous_306)
FN:2,(anonymous_307)
FN:2,(anonymous_308)
FN:2,(anonymous_309)
FNF:310
FNH:42
FNDA:0,(anonymous_0)
FNDA:0,(anonymous_1)
FNDA:4,a
FNDA:96,e
FNDA:92,(anonymous_4)
FNDA:4,(anonymous_5)
FNDA:0,d
FNDA:0,e
FNDA:0,f
FNDA:0,g
FNDA:0,h
FNDA:4,i
FNDA:0,(anonymous_12)
FNDA:0,(anonymous_13)
FNDA:0,(anonymous_14)
FNDA:0,(anonymous_15)
FNDA:0,(anonymous_16)
FNDA:0,(anonymous_17)
FNDA:0,(anonymous_18)
FNDA:0,(anonymous_19)
FNDA:0,(anonymous_20)
FNDA:0,(anonymous_21)
FNDA:0,i
FNDA:0,(anonymous_23)
FNDA:0,(anonymous_24)
FNDA:0,(anonymous_25)
FNDA:0,(anonymous_26)
FNDA:0,(anonymous_27)
FNDA:0,(anonymous_28)
FNDA:0,error
FNDA:0,success
FNDA:0,(anonymous_31)
FNDA:5,(anonymous_32)
FNDA:0,g
FNDA:0,(anonymous_34)
FNDA:0,c
FNDA:0,d
FNDA:0,(anonymous_37)
FNDA:0,error
FNDA:0,(anonymous_39)
FNDA:0,c
FNDA:0,(anonymous_41)
FNDA:0,error
FNDA:0,success
FNDA:0,(anonymous_44)
FNDA:0,(anonymous_45)
FNDA:0,(anonymous_46)
FNDA:0,(anonymous_47)
FNDA:0,(anonymous_48)
FNDA:0,(anonymous_49)
FNDA:0,c
FNDA:0,d
FNDA:0,(anonymous_52)
FNDA:0,e
FNDA:0,(anonymous_54)
FNDA:0,(anonymous_55)
FNDA:0,(anonymous_56)
FNDA:0,(anonymous_57)
FNDA:0,(anonymous_58)
FNDA:0,(anonymous_59)
FNDA:0,(anonymous_60)
FNDA:0,(anonymous_61)
FNDA:0,(anonymous_62)
FNDA:0,(anonymous_63)
FNDA:0,(anonymous_64)
FNDA:0,(anonymous_65)
FNDA:0,(anonymous_66)
FNDA:0,c
FNDA:0,(anonymous_68)
FNDA:0,(anonymous_69)
FNDA:0,success
FNDA:0,error
FNDA:0,(anonymous_72)
FNDA:0,c
FNDA:0,(anonymous_74)
FNDA:0,(anonymous_75)
FNDA:0,success
FNDA:0,error
FNDA:0,(anonymous_78)
FNDA:0,(anonymous_79)
FNDA:0,(anonymous_80)
FNDA:0,c
FNDA:0,(anonymous_82)
FNDA:0,success
FNDA:0,error
FNDA:0,(anonymous_85)
FNDA:0,(anonymous_86)
FNDA:0,(anonymous_87)
FNDA:0,(anonymous_88)
FNDA:0,(anonymous_89)
FNDA:0,(anonymous_90)
FNDA:0,(anonymous_91)
FNDA:0,(anonymous_92)
FNDA:0,(anonymous_93)
FNDA:0,(anonymous_94)
FNDA:0,(anonymous_95)
FNDA:0,success
FNDA:0,error
FNDA:0,(anonymous_98)
FNDA:0,(anonymous_99)
FNDA:0,(anonymous_100)
FNDA:0,(anonymous_101)
FNDA:0,(anonymous_102)
FNDA:0,(anonymous_103)
FNDA:0,(anonymous_104)
FNDA:0,(anonymous_105)
FNDA:0,(anonymous_106)
FNDA:0,(anonymous_107)
FNDA:0,(anonymous_108)
FNDA:0,(anonymous_109)
FNDA:0,(anonymous_110)
FNDA:4,(anonymous_111)
FNDA:0,d
FNDA:4,(anonymous_113)
FNDA:8,d
FNDA:4,(anonymous_115)
FNDA:0,d
FNDA:0,e
FNDA:4,(anonymous_118)
FNDA:0,d
FNDA:0,e
FNDA:4,(anonymous_121)
FNDA:0,d
FNDA:4,(anonymous_123)
FNDA:4,(anonymous_124)
FNDA:0,d
FNDA:4,(anonymous_126)
FNDA:4,d
FNDA:4,(anonymous_128)
FNDA:4,(anonymous_129)
FNDA:4,(anonymous_130)
FNDA:0,(anonymous_131)
FNDA:0,(anonymous_132)
FNDA:4,(anonymous_133)
FNDA:0,d
FNDA:0,e
FNDA:0,(anonymous_136)
FNDA:0,f
FNDA:4,g
FNDA:4,h
FNDA:0,(anonymous_140)
FNDA:4,(anonymous_141)
FNDA:0,d
FNDA:4,e
FNDA:0,b
FNDA:0,e
FNDA:0,(anonymous_146)
FNDA:4,f
FNDA:0,g
FNDA:4,h
FNDA:0,i
FNDA:4,(anonymous_151)
FNDA:0,d
FNDA:0,e
FNDA:0,f
FNDA:0,g
FNDA:0,(anonymous_156)
FNDA:0,(anonymous_157)
FNDA:0,(anonymous_158)
FNDA:0,f
FNDA:0,quote
FNDA:0,(anonymous_161)
FNDA:0,str
FNDA:0,(anonymous_163)
FNDA:0,(anonymous_164)
FNDA:0,(anonymous_165)
FNDA:0,(anonymous_166)
FNDA:0,walk
FNDA:0,(anonymous_168)
FNDA:4,(anonymous_169)
FNDA:0,d
FNDA:0,e
FNDA:0,e
FNDA:0,(anonymous_173)
FNDA:0,(anonymous_174)
FNDA:4,(anonymous_175)
FNDA:0,d
FNDA:0,e
FNDA:0,f
FNDA:0,g
FNDA:0,h
FNDA:0,(anonymous_181)
FNDA:0,i
FNDA:0,(anonymous_183)
FNDA:0,j
FNDA:0,k
FNDA:0,l
FNDA:0,m
FNDA:0,n
FNDA:0,o
FNDA:0,(anonymous_190)
FNDA:0,(anonymous_191)
FNDA:0,(anonymous_192)
FNDA:0,(anonymous_193)
FNDA:0,(anonymous_194)
FNDA:0,(anonymous_195)
FNDA:0,v
FNDA:0,(anonymous_197)
FNDA:0,(anonymous_198)
FNDA:4,(anonymous_199)
FNDA:4,(anonymous_200)
FNDA:4,(anonymous_201)
FNDA:0,succeed
FNDA:0,handleReadyState
FNDA:0,(anonymous_204)
FNDA:0,setHeaders
FNDA:0,setCredentials
FNDA:0,generalCallback
FNDA:0,urlappend
FNDA:0,handleJsonp
FNDA:0,(anonymous_210)
FNDA:0,abort
FNDA:0,getRequest
FNDA:0,(anonymous_213)
FNDA:0,(anonymous_214)
FNDA:0,Reqwest
FNDA:0,setType
FNDA:0,init
FNDA:0,complete
FNDA:0,success
FNDA:0,timedOut
FNDA:0,error
FNDA:0,(anonymous_222)
FNDA:0,(anonymous_223)
FNDA:0,(anonymous_224)
FNDA:0,(anonymous_225)
FNDA:0,(anonymous_226)
FNDA:0,(anonymous_227)
FNDA:0,reqwest
FNDA:0,normalize
FNDA:0,serial
FNDA:0,i
FNDA:0,eachFormElement
FNDA:0,d
FNDA:0,serializeQueryString
FNDA:0,serializeHash
FNDA:0,(anonymous_236)
FNDA:0,buildParams
FNDA:0,noop
FNDA:0,(anonymous_239)
FNDA:0,xhr
FNDA:0,dataFilter
FNDA:0,abort
FNDA:0,retry
FNDA:0,then
FNDA:0,(anonymous_245)
FNDA:0,(anonymous_246)
FNDA:0,always
FNDA:0,fail
FNDA:0,_catch
FNDA:0,(anonymous_250)
FNDA:0,(anonymous_251)
FNDA:0,(anonymous_252)
FNDA:0,(anonymous_253)
FNDA:0,h
FNDA:0,(anonymous_255)
FNDA:0,(anonymous_256)
FNDA:0,(anonymous_257)
FNDA:4,(anonymous_258)
FNDA:0,d
FNDA:0,(anonymous_260)
FNDA:0,(anonymous_261)
FNDA:4,(anonymous_262)
FNDA:4,(anonymous_263)
FNDA:0,a
FNDA:0,b
FNDA:4,c
FNDA:0,d
FNDA:4,e
FNDA:0,f
FNDA:0,g
FNDA:0,open
FNDA:0,g
FNDA:0,k
FNDA:0,(anonymous_274)
FNDA:0,(anonymous_275)
FNDA:0,(anonymous_276)
FNDA:0,focus
FNDA:0,onOpen
FNDA:0,d
FNDA:0,e
FNDA:0,(anonymous_281)
FNDA:0,(anonymous_282)
FNDA:0,f
FNDA:0,(anonymous_284)
FNDA:0,m
FNDA:0,detach
FNDA:0,open
FNDA:0,(anonymous_288)
FNDA:0,onOpen
FNDA:0,(anonymous_290)
FNDA:4,(anonymous_291)
FNDA:0,d
FNDA:4,(anonymous_293)
FNDA:0,d
FNDA:0,(anonymous_295)
FNDA:0,f
FNDA:0,(anonymous_297)
FNDA:4,(anonymous_298)
FNDA:0,(anonymous_299)
FNDA:0,e
FNDA:0,(anonymous_301)
FNDA:0,(anonymous_302)
FNDA:0,(anonymous_303)
FNDA:0,c
FNDA:0,(anonymous_305)
FNDA:0,(anonymous_306)
FNDA:4,(anonymous_307)
FNDA:0,(anonymous_308)
FNDA:4,(anonymous_309)
DA:1,96
DA:2,4
LF:2
LH:2
BRDA:1,0,0,4
BRDA:1,0,1,0
BRDA:1,1,0,4
BRDA:1,1,1,4
BRDA:1,2,0,0
BRDA:1,2,1,0
BRDA:1,3,0,0
BRDA:1,3,1,0
BRDA:1,3,2,0
BRDA:1,3,3,0
BRDA:1,4,0,92
BRDA:1,4,1,4
BRDA:1,5,0,0
BRDA:1,5,1,92
BRDA:1,6,0,0
BRDA:1,6,1,0
BRDA:1,7,0,0
BRDA:1,7,1,0
BRDA:1,8,0,0
BRDA:1,8,1,0
BRDA:1,9,0,0
BRDA:1,9,1,0
BRDA:1,10,0,92
BRDA:1,10,1,0
BRDA:1,11,0,0
BRDA:1,11,1,0
BRDA:1,12,0,0
BRDA:1,12,1,0
BRDA:1,13,0,0
BRDA:1,13,1,0
BRDA:1,14,0,0
BRDA:1,14,1,0
BRDA:1,15,0,0
BRDA:1,15,1,0
BRDA:1,16,0,0
BRDA:1,16,1,0
BRDA:1,17,0,0
BRDA:1,17,1,0
BRDA:1,18,0,0
BRDA:1,18,1,0
BRDA:1,19,0,0
BRDA:1,19,1,0
BRDA:1,20,0,0
BRDA:1,20,1,0
BRDA:1,21,0,0
BRDA:1,21,1,0
BRDA:1,22,0,0
BRDA:1,22,1,0
BRDA:1,23,0,0
BRDA:1,23,1,0
BRDA:1,24,0,4
BRDA:1,24,1,0
BRDA:1,25,0,0
BRDA:1,25,1,4
BRDA:1,26,0,4
BRDA:1,26,1,0
BRDA:1,27,0,4
BRDA:1,27,1,0
BRDA:1,28,0,0
BRDA:1,28,1,4
BRDA:1,29,0,4
BRDA:1,29,1,0
BRDA:1,30,0,0
BRDA:1,30,1,0
BRDA:1,31,0,0
BRDA:1,31,1,0
BRDA:1,32,0,0
BRDA:1,32,1,0
BRDA:1,33,0,0
BRDA:1,33,1,0
BRDA:1,34,0,0
BRDA:1,34,1,0
BRDA:1,35,0,0
BRDA:1,35,1,0
BRDA:1,35,2,0
BRDA:1,36,0,0
BRDA:1,36,1,0
BRDA:1,37,0,0
BRDA:1,37,1,0
BRDA:1,37,2,0
BRDA:1,38,0,0
BRDA:1,38,1,0
BRDA:1,39,0,0
BRDA:1,39,1,0
BRDA:1,40,0,0
BRDA:1,40,1,0
BRDA:1,41,0,0
BRDA:1,41,1,0
BRDA:1,42,0,0
BRDA:1,42,1,0
BRDA:1,43,0,0
BRDA:1,43,1,0
BRDA:1,44,0,0
BRDA:1,44,1,0
BRDA:1,45,0,0
BRDA:1,45,1,0
BRDA:1,46,0,0
BRDA:1,46,1,0
BRDA:1,47,0,0
BRDA:1,47,1,0
BRDA:1,48,0,0
BRDA:1,48,1,0
BRDA:1,49,0,0
BRDA:1,49,1,0
BRDA:1,50,0,0
BRDA:1,50,1,0
BRDA:1,50,2,0
BRDA:1,51,0,0
BRDA:1,51,1,0
BRDA:1,52,0,0
BRDA:1,52,1,0
BRDA:1,53,0,0
BRDA:1,53,1,0
BRDA:1,54,0,0
BRDA:1,54,1,0
BRDA:1,55,0,0
BRDA:1,55,1,0
BRDA:1,56,0,0
BRDA:1,56,1,0
BRDA:1,57,0,0
BRDA:1,57,1,0
BRDA:1,58,0,5
BRDA:1,58,1,5
BRDA:1,59,0,0
BRDA:1,59,1,5
BRDA:1,60,0,5
BRDA:1,60,1,0
BRDA:1,61,0,0
BRDA:1,61,1,0
BRDA:1,62,0,0
BRDA:1,62,1,0
BRDA:1,63,0,0
BRDA:1,63,1,0
BRDA:1,64,0,0
BRDA:1,64,1,0
BRDA:1,65,0,0
BRDA:1,65,1,0
BRDA:1,66,0,0
BRDA:1,66,1,0
BRDA:1,67,0,0
BRDA:1,67,1,0
BRDA:1,68,0,0
BRDA:1,68,1,0
BRDA:1,68,2,0
BRDA:1,69,0,0
BRDA:1,69,1,0
BRDA:1,70,0,0
BRDA:1,70,1,0
BRDA:1,70,2,0
BRDA:1,71,0,0
BRDA:1,71,1,0
BRDA:1,72,0,0
BRDA:1,72,1,0
BRDA:1,73,0,0
BRDA:1,73,1,0
BRDA:1,73,2,0
BRDA:1,73,3,0
BRDA:1,74,0,0
BRDA:1,74,1,0
BRDA:1,75,0,0
BRDA:1,75,1,0
BRDA:1,76,0,0
BRDA:1,76,1,0
BRDA:1,77,0,0
BRDA:1,77,1,0
BRDA:1,78,0,0
BRDA:1,78,1,0
BRDA:1,79,0,0
BRDA:1,79,1,0
BRDA:1,80,0,0
BRDA:1,80,1,0
BRDA:1,81,0,0
BRDA:1,81,1,0
BRDA:1,82,0,0
BRDA:1,82,1,0
BRDA:1,82,2,0
BRDA:1,83,0,0
BRDA:1,83,1,0
BRDA:1,84,0,0
BRDA:1,84,1,0
BRDA:1,85,0,0
BRDA:1,85,1,0
BRDA:1,86,0,0
BRDA:1,86,1,0
BRDA:1,87,0,0
BRDA:1,87,1,0
BRDA:1,88,0,0
BRDA:1,88,1,0
BRDA:1,89,0,0
BRDA:1,89,1,0
BRDA:1,90,0,0
BRDA:1,90,1,0
BRDA:1,90,2,0
BRDA:1,91,0,0
BRDA:1,91,1,0
BRDA:1,92,0,0
BRDA:1,92,1,0
BRDA:1,93,0,0
BRDA:1,93,1,0
BRDA:1,94,0,0
BRDA:1,94,1,0
BRDA:1,95,0,0
BRDA:1,95,1,0
BRDA:1,96,0,0
BRDA:1,96,1,0
BRDA:1,97,0,0
BRDA:1,97,1,0
BRDA:1,98,0,0
BRDA:1,98,1,0
BRDA:1,99,0,0
BRDA:1,99,1,0
BRDA:1,100,0,0
BRDA:1,100,1,0
BRDA:1,101,0,0
BRDA:1,101,1,0
BRDA:1,102,0,0
BRDA:1,102,1,0
BRDA:1,103,0,0
BRDA:1,103,1,0
BRDA:1,104,0,0
BRDA:1,104,1,0
BRDA:1,105,0,0
BRDA:1,105,1,0
BRDA:1,106,0,0
BRDA:1,106,1,0
BRDA:1,107,0,0
BRDA:1,107,1,0
BRDA:1,108,0,0
BRDA:1,108,1,0
BRDA:1,109,0,0
BRDA:1,109,1,0
BRDA:1,109,2,0
BRDA:1,109,3,0
BRDA:1,110,0,0
BRDA:1,110,1,0
BRDA:1,111,0,0
BRDA:1,111,1,0
BRDA:1,112,0,0
BRDA:1,112,1,0
BRDA:1,112,2,0
BRDA:1,113,0,0
BRDA:1,113,1,0
BRDA:1,114,0,0
BRDA:1,114,1,0
BRDA:1,115,0,0
BRDA:1,115,1,0
BRDA:1,116,0,0
BRDA:1,116,1,0
BRDA:1,117,0,0
BRDA:1,117,1,0
BRDA:1,118,0,0
BRDA:1,118,1,0
BRDA:1,119,0,0
BRDA:1,119,1,0
BRDA:1,120,0,0
BRDA:1,120,1,0
BRDA:1,121,0,0
BRDA:1,121,1,0
BRDA:1,122,0,0
BRDA:1,122,1,0
BRDA:1,123,0,0
BRDA:1,123,1,0
BRDA:1,124,0,0
BRDA:1,124,1,0
BRDA:1,125,0,0
BRDA:1,125,1,0
BRDA:1,126,0,0
BRDA:1,126,1,0
BRDA:1,127,0,0
BRDA:1,127,1,0
BRDA:1,128,0,0
BRDA:1,128,1,0
BRDA:1,129,0,0
BRDA:1,129,1,0
BRDA:1,130,0,0
BRDA:1,130,1,0
BRDA:1,131,0,0
BRDA:1,131,1,0
BRDA:1,132,0,0
BRDA:1,132,1,0
BRDA:1,133,0,0
BRDA:1,133,1,0
BRDA:1,134,0,0
BRDA:1,134,1,0
BRDA:1,135,0,0
BRDA:1,135,1,0
BRDA:1,136,0,0
BRDA:1,136,1,0
BRDA:1,137,0,0
BRDA:1,137,1,0
BRDA:1,138,0,0
BRDA:1,138,1,0
BRDA:1,139,0,0
BRDA:1,139,1,0
BRDA:1,139,2,0
BRDA:1,140,0,0
BRDA:1,140,1,0
BRDA:1,140,2,0
BRDA:1,141,0,0
BRDA:1,141,1,0
BRDA:1,142,0,0
BRDA:1,142,1,0
BRDA:1,143,0,0
BRDA:1,143,1,0
BRDA:1,144,0,0
BRDA:1,144,1,0
BRDA:1,145,0,0
BRDA:1,145,1,0
BRDA:1,146,0,0
BRDA:1,146,1,0
BRDA:1,147,0,0
BRDA:1,147,1,0
BRDA:1,148,0,0
BRDA:1,148,1,0
BRDA:1,149,0,0
BRDA:1,149,1,0
BRDA:1,150,0,0
BRDA:1,150,1,0
BRDA:1,151,0,0
BRDA:1,151,1,0
BRDA:1,152,0,0
BRDA:1,152,1,0
BRDA:1,153,0,0
BRDA:1,153,1,0
BRDA:1,154,0,0
BRDA:1,154,1,0
BRDA:1,155,0,0
BRDA:1,155,1,0
BRDA:1,156,0,0
BRDA:1,156,1,0
BRDA:1,156,2,0
BRDA:1,156,3,0
BRDA:1,157,0,0
BRDA:1,157,1,0
BRDA:1,158,0,0
BRDA:1,158,1,0
BRDA:1,158,2,0
BRDA:1,159,0,0
BRDA:1,159,1,0
BRDA:1,159,2,0
BRDA:1,160,0,0
BRDA:1,160,1,0
BRDA:1,160,2,0
BRDA:1,161,0,0
BRDA:1,161,1,0
BRDA:1,162,0,0
BRDA:1,162,1,0
BRDA:1,163,0,0
BRDA:1,163,1,0
BRDA:1,163,2,0
BRDA:1,164,0,0
BRDA:1,164,1,0
BRDA:1,165,0,0
BRDA:1,165,1,0
BRDA:1,165,2,0
BRDA:1,166,0,0
BRDA:1,166,1,0
BRDA:1,167,0,0
BRDA:1,167,1,0
BRDA:1,167,2,0
BRDA:1,168,0,0
BRDA:1,168,1,0
BRDA:1,169,0,0
BRDA:1,169,1,0
BRDA:1,170,0,0
BRDA:1,170,1,0
BRDA:1,171,0,0
BRDA:1,171,1,0
BRDA:1,172,0,0
BRDA:1,172,1,0
BRDA:1,173,0,0
BRDA:1,173,1,0
BRDA:1,174,0,0
BRDA:1,174,1,0
BRDA:1,175,0,0
BRDA:1,175,1,0
BRDA:1,176,0,0
BRDA:1,176,1,0
BRDA:1,177,0,0
BRDA:1,177,1,0
BRDA:1,178,0,0
BRDA:1,178,1,0
BRDA:1,179,0,0
BRDA:1,179,1,0
BRDA:1,180,0,0
BRDA:1,180,1,0
BRDA:1,181,0,0
BRDA:1,181,1,0
BRDA:1,182,0,0
BRDA:1,182,1,0
BRDA:1,183,0,0
BRDA:1,183,1,0
BRDA:1,184,0,0
BRDA:1,184,1,0
BRDA:1,185,0,0
BRDA:1,185,1,0
BRDA:1,186,0,0
BRDA:1,186,1,0
BRDA:1,187,0,0
BRDA:1,187,1,0
BRDA:1,188,0,0
BRDA:1,188,1,0
BRDA:1,189,0,0
BRDA:1,189,1,0
BRDA:1,190,0,0
BRDA:1,190,1,0
BRDA:1,191,0,0
BRDA:1,191,1,0
BRDA:1,192,0,0
BRDA:1,192,1,0
BRDA:1,193,0,0
BRDA:1,193,1,0
BRDA:1,194,0,0
BRDA:1,194,1,0
BRDA:1,195,0,0
BRDA:1,195,1,0
BRDA:1,196,0,0
BRDA:1,196,1,0
BRDA:1,197,0,0
BRDA:1,197,1,0
BRDA:1,198,0,0
BRDA:1,198,1,0
BRDA:1,199,0,0
BRDA:1,199,1,0
BRDA:1,200,0,0
BRDA:1,200,1,0
BRDA:1,201,0,0
BRDA:1,201,1,0
BRDA:1,202,0,0
BRDA:1,202,1,0
BRDA:1,203,0,0
BRDA:1,203,1,0
BRDA:1,204,0,0
BRDA:1,204,1,0
BRDA:1,205,0,0
BRDA:1,205,1,0
BRDA:1,206,0,0
BRDA:1,206,1,0
BRDA:1,207,0,0
BRDA:1,207,1,0
BRDA:1,208,0,0
BRDA:1,208,1,0
BRDA:1,208,2,0
BRDA:1,209,0,0
BRDA:1,209,1,0
BRDA:1,210,0,0
BRDA:1,210,1,0
BRDA:1,211,0,0
BRDA:1,211,1,0
BRDA:1,212,0,0
BRDA:1,212,1,0
BRDA:1,213,0,0
BRDA:1,213,1,0
BRDA:1,214,0,0
BRDA:1,214,1,0
BRDA:1,215,0,0
BRDA:1,215,1,0
BRDA:1,216,0,0
BRDA:1,216,1,0
BRDA:1,217,0,0
BRDA:1,217,1,0
BRDA:1,218,0,0
BRDA:1,218,1,0
BRDA:1,219,0,0
BRDA:1,219,1,0
BRDA:1,220,0,0
BRDA:1,220,1,0
BRDA:1,221,0,0
BRDA:1,221,1,0
BRDA:1,222,0,0
BRDA:1,222,1,0
BRDA:1,223,0,0
BRDA:1,223,1,0
BRDA:1,223,2,0
BRDA:1,224,0,0
BRDA:1,224,1,0
BRDA:1,225,0,0
BRDA:1,225,1,0
BRDA:1,225,2,0
BRDA:1,225,3,0
BRDA:1,226,0,4
BRDA:1,226,1,4
BRDA:1,226,2,4
BRDA:1,227,0,0
BRDA:1,227,1,8
BRDA:1,228,0,0
BRDA:1,228,1,0
BRDA:1,229,0,0
BRDA:1,229,1,0
BRDA:1,230,0,0
BRDA:1,230,1,0
BRDA:1,231,0,0
BRDA:1,231,1,0
BRDA:1,232,0,0
BRDA:1,232,1,0
BRDA:1,233,0,0
BRDA:1,233,1,0
BRDA:1,234,0,0
BRDA:1,234,1,0
BRDA:1,235,0,0
BRDA:1,235,1,0
BRDA:1,236,0,4
BRDA:1,236,1,0
BRDA:1,237,0,4
BRDA:1,237,1,0
BRDA:1,238,0,0
BRDA:1,238,1,4
BRDA:1,239,0,0
BRDA:1,239,1,0
BRDA:1,240,0,0
BRDA:1,240,1,0
BRDA:1,240,2,0
BRDA:1,241,0,4
BRDA:1,241,1,0
BRDA:1,242,0,4
BRDA:1,242,1,0
BRDA:1,243,0,4
BRDA:1,243,1,4
BRDA:1,244,0,4
BRDA:1,244,1,0
BRDA:1,245,0,4
BRDA:1,245,1,4
BRDA:1,246,0,0
BRDA:1,246,1,0
BRDA:1,247,0,0
BRDA:1,247,1,0
BRDA:1,248,0,4
BRDA:1,248,1,4
BRDA:1,249,0,0
BRDA:1,249,1,0
BRDA:1,250,0,0
BRDA:1,250,1,0
BRDA:1,251,0,0
BRDA:1,251,1,0
BRDA:1,252,0,0
BRDA:1,252,1,0
BRDA:1,253,0,0
BRDA:1,253,1,0
BRDA:1,253,2,0
BRDA:1,253,3,0
BRDA:1,253,4,0
BRDA:1,253,5,0
BRDA:1,253,6,0
BRDA:1,254,0,0
BRDA:1,254,1,0
BRDA:1,255,0,0
BRDA:1,255,1,0
BRDA:1,256,0,0
BRDA:1,256,1,0
BRDA:1,257,0,0
BRDA:1,257,1,0
BRDA:1,258,0,0
BRDA:1,258,1,0
BRDA:1,259,0,0
BRDA:1,259,1,0
BRDA:1,260,0,0
BRDA:1,260,1,0
BRDA:1,260,2,0
BRDA:1,261,0,4
BRDA:1,261,1,0
BRDA:1,262,0,0
BRDA:1,262,1,0
BRDA:1,263,0,0
BRDA:1,263,1,0
BRDA:1,264,0,0
BRDA:1,264,1,0
BRDA:1,264,2,0
BRDA:1,265,0,0
BRDA:1,265,1,0
BRDA:1,266,0,0
BRDA:1,266,1,0
BRDA:1,267,0,0
BRDA:1,267,1,0
BRDA:1,268,0,0
BRDA:1,268,1,0
BRDA:1,269,0,0
BRDA:1,269,1,0
BRDA:1,269,2,0
BRDA:1,270,0,0
BRDA:1,270,1,4
BRDA:1,271,0,0
BRDA:1,271,1,0
BRDA:1,272,0,0
BRDA:1,272,1,0
BRDA:1,273,0,0
BRDA:1,273,1,0
BRDA:1,274,0,0
BRDA:1,274,1,0
BRDA:1,275,0,0
BRDA:1,275,1,0
BRDA:1,275,2,0
BRDA:1,275,3,0
BRDA:1,275,4,0
BRDA:1,275,5,0
BRDA:1,275,6,0
BRDA:1,275,7,0
BRDA:1,275,8,0
BRDA:1,275,9,0
BRDA:1,275,10,0
BRDA:1,275,11,0
BRDA:1,275,12,0
BRDA:1,275,13,0
BRDA:1,275,14,0
BRDA:1,275,15,0
BRDA:1,276,0,0
BRDA:1,276,1,0
BRDA:1,277,0,0
BRDA:1,277,1,0
BRDA:1,278,0,0
BRDA:1,278,1,0
BRDA:1,279,0,0
BRDA:1,279,1,0
BRDA:1,280,0,0
BRDA:1,280,1,0
BRDA:1,280,2,0
BRDA:1,280,3,0
BRDA:1,280,4,0
BRDA:1,281,0,0
BRDA:1,281,1,0
BRDA:1,282,0,0
BRDA:1,282,1,0
BRDA:1,283,0,0
BRDA:1,283,1,0
BRDA:1,284,0,0
BRDA:1,284,1,0
BRDA:1,285,0,0
BRDA:1,285,1,0
BRDA:1,286,0,0
BRDA:1,286,1,0
BRDA:1,287,0,0
BRDA:1,287,1,0
BRDA:1,288,0,0
BRDA:1,288,1,0
BRDA:1,289,0,0
BRDA:1,289,1,0
BRDA:1,289,2,0
BRDA:1,289,3,0
BRDA:1,289,4,0
BRDA:1,290,0,0
BRDA:1,290,1,0
BRDA:1,290,2,0
BRDA:1,290,3,0
BRDA:1,291,0,0
BRDA:1,291,1,0
BRDA:1,292,0,0
BRDA:1,292,1,0
BRDA:1,293,0,0
BRDA:1,293,1,0
BRDA:1,294,0,0
BRDA:1,294,1,0
BRDA:1,295,0,0
BRDA:1,295,1,0
BRDA:1,296,0,0
BRDA:1,296,1,0
BRDA:1,297,0,0
BRDA:1,297,1,0
BRDA:1,298,0,0
BRDA:1,298,1,0
BRDA:1,299,0,0
BRDA:1,299,1,0
BRDA:1,300,0,0
BRDA:1,300,1,0
BRDA:1,301,0,0
BRDA:1,301,1,0
BRDA:1,302,0,0
BRDA:1,302,1,0
BRDA:1,303,0,0
BRDA:1,303,1,0
BRDA:1,304,0,0
BRDA:1,304,1,0
BRDA:1,305,0,0
BRDA:1,305,1,0
BRDA:1,306,0,0
BRDA:1,306,1,0
BRDA:1,307,0,0
BRDA:1,307,1,0
BRDA:1,307,2,0
BRDA:1,307,3,0
BRDA:1,308,0,0
BRDA:1,308,1,0
BRDA:1,309,0,0
BRDA:1,309,1,0
BRDA:1,310,0,0
BRDA:1,310,1,0
BRDA:1,311,0,0
BRDA:1,311,1,0
BRDA:1,312,0,0
BRDA:1,312,1,0
BRDA:1,313,0,0
BRDA:1,313,1,0
BRDA:1,314,0,0
BRDA:1,314,1,0
BRDA:1,315,0,0
BRDA:1,315,1,0
BRDA:1,316,0,0
BRDA:1,316,1,0
BRDA:1,317,0,0
BRDA:1,317,1,0
BRDA:1,318,0,0
BRDA:1,318,1,0
BRDA:1,319,0,0
BRDA:1,319,1,0
BRDA:1,320,0,0
BRDA:1,320,1,0
BRDA:1,321,0,0
BRDA:1,321,1,0
BRDA:1,322,0,0
BRDA:1,322,1,0
BRDA:1,323,0,0
BRDA:1,323,1,0
BRDA:1,324,0,0
BRDA:1,324,1,0
BRDA:1,325,0,0
BRDA:1,325,1,0
BRDA:1,326,0,0
BRDA:1,326,1,0
BRDA:1,327,0,0
BRDA:1,327,1,0
BRDA:1,328,0,0
BRDA:1,328,1,0
BRDA:1,329,0,0
BRDA:1,329,1,0
BRDA:1,330,0,0
BRDA:1,330,1,0
BRDA:1,331,0,0
BRDA:1,331,1,0
BRDA:1,332,0,0
BRDA:1,332,1,0
BRDA:1,333,0,0
BRDA:1,333,1,0
BRDA:1,334,0,0
BRDA:1,334,1,0
BRDA:1,334,2,0
BRDA:1,335,0,0
BRDA:1,335,1,0
BRDA:1,335,2,0
BRDA:1,336,0,0
BRDA:1,336,1,0
BRDA:1,337,0,0
BRDA:1,337,1,0
BRDA:1,338,0,0
BRDA:1,338,1,0
BRDA:1,339,0,0
BRDA:1,339,1,0
BRDA:1,340,0,0
BRDA:1,340,1,0
BRDA:1,341,0,0
BRDA:1,341,1,0
BRDA:1,342,0,0
BRDA:1,342,1,0
BRDA:1,343,0,0
BRDA:1,343,1,0
BRDA:1,344,0,0
BRDA:1,344,1,0
BRDA:1,345,0,0
BRDA:1,345,1,0
BRDA:1,346,0,0
BRDA:1,346,1,0
BRDA:1,347,0,0
BRDA:1,347,1,0
BRDA:1,348,0,0
BRDA:1,348,1,0
BRDA:2,349,0,0
BRDA:2,349,1,0
BRDA:2,350,0,0
BRDA:2,350,1,0
BRDA:2,351,0,0
BRDA:2,351,1,0
BRDA:2,352,0,0
BRDA:2,352,1,0
BRDA:2,353,0,4
BRDA:2,353,1,0
BRDA:2,354,0,0
BRDA:2,354,1,0
BRDA:2,354,2,0
BRDA:2,355,0,4
BRDA:2,355,1,0
BRDA:2,356,0,4
BRDA:2,356,1,0
BRDA:2,357,0,4
BRDA:2,357,1,0
BRDA:2,358,0,0
BRDA:2,358,1,0
BRDA:2,359,0,0
BRDA:2,359,1,0
BRDA:2,360,0,0
BRDA:2,360,1,0
BRDA:2,361,0,0
BRDA:2,361,1,0
BRDA:2,362,0,0
BRDA:2,362,1,0
BRDA:2,363,0,0
BRDA:2,363,1,0
BRDA:2,364,0,0
BRDA:2,364,1,0
BRDA:2,365,0,0
BRDA:2,365,1,0
BRDA:2,366,0,0
BRDA:2,366,1,0
BRDA:2,367,0,4
BRDA:2,367,1,0
BRDA:2,368,0,4
BRDA:2,368,1,4
BRDA:2,369,0,0
BRDA:2,369,1,0
BRDA:2,370,0,0
BRDA:2,370,1,0
BRDA:2,371,0,0
BRDA:2,371,1,0
BRDA:2,371,2,0
BRDA:2,372,0,0
BRDA:2,372,1,0
BRDA:2,373,0,0
BRDA:2,373,1,0
BRDA:2,374,0,0
BRDA:2,374,1,0
BRDA:2,375,0,0
BRDA:2,375,1,0
BRDA:2,375,2,0
BRDA:2,376,0,0
BRDA:2,376,1,0
BRDA:2,377,0,0
BRDA:2,377,1,0
BRDA:2,378,0,0
BRDA:2,378,1,0
BRDA:2,378,2,0
BRDA:2,379,0,0
BRDA:2,379,1,0
BRDA:2,380,0,0
BRDA:2,380,1,0
BRDA:2,380,2,0
BRDA:2,381,0,0
BRDA:2,381,1,0
BRDA:2,381,2,0
BRDA:2,382,0,0
BRDA:2,382,1,0
BRDA:2,383,0,0
BRDA:2,383,1,0
BRDA:2,383,2,0
BRDA:2,384,0,0
BRDA:2,384,1,0
BRDA:2,385,0,0
BRDA:2,385,1,0
BRDA:2,386,0,0
BRDA:2,386,1,0
BRDA:2,387,0,0
BRDA:2,387,1,0
BRDA:2,388,0,0
BRDA:2,388,1,0
BRDA:2,389,0,0
BRDA:2,389,1,0
BRDA:2,389,2,0
BRDA:2,390,0,0
BRDA:2,390,1,0
BRDA:2,391,0,0
BRDA:2,391,1,0
BRDA:2,391,2,0
BRDA:2,391,3,0
BRDA:2,392,0,0
BRDA:2,392,1,0
BRDA:2,393,0,0
BRDA:2,393,1,0
BRDA:2,394,0,0
BRDA:2,394,1,0
BRDA:2,395,0,0
BRDA:2,395,1,0
BRDA:2,396,0,0
BRDA:2,396,1,0
BRDA:2,396,2,0
BRDA:2,397,0,0
BRDA:2,397,1,0
BRDA:2,398,0,0
BRDA:2,398,1,0
BRDA:2,398,2,0
BRDA:2,398,3,0
BRDA:2,399,0,0
BRDA:2,399,1,0
BRDA:2,400,0,0
BRDA:2,400,1,0
BRDA:2,400,2,0
BRDA:2,401,0,0
BRDA:2,401,1,0
BRDA:2,402,0,0
BRDA:2,402,1,0
BRDA:2,403,0,0
BRDA:2,403,1,0
BRDA:2,404,0,0
BRDA:2,404,1,0
BRDA:2,405,0,0
BRDA:2,405,1,0
BRDA:2,406,0,0
BRDA:2,406,1,0
BRDA:2,407,0,0
BRDA:2,407,1,0
BRDA:2,408,0,0
BRDA:2,408,1,0
BRDA:2,409,0,0
BRDA:2,409,1,0
BRDA:2,410,0,0
BRDA:2,410,1,0
BRDA:2,411,0,0
BRDA:2,411,1,0
BRDA:2,411,2,0
BRDA:2,412,0,0
BRDA:2,412,1,0
BRDA:2,413,0,0
BRDA:2,413,1,0
BRDA:2,414,0,0
BRDA:2,414,1,0
BRDA:2,414,2,0
BRDA:2,414,3,0
BRDA:2,415,0,0
BRDA:2,415,1,0
BRDA:2,416,0,0
BRDA:2,416,1,0
BRDA:2,417,0,0
BRDA:2,417,1,0
BRDA:2,417,2,0
BRDA:2,417,3,0
BRDA:2,418,0,0
BRDA:2,418,1,0
BRDA:2,419,0,0
BRDA:2,419,1,0
BRDA:2,420,0,0
BRDA:2,420,1,0
BRDA:2,421,0,0
BRDA:2,421,1,0
BRDA:2,422,0,0
BRDA:2,422,1,0
BRDA:2,423,0,0
BRDA:2,423,1,0
BRDA:2,424,0,0
BRDA:2,424,1,0
BRDA:2,425,0,0
BRDA:2,425,1,0
BRDA:2,425,2,0
BRDA:2,426,0,0
BRDA:2,426,1,0
BRDA:2,427,0,0
BRDA:2,427,1,0
BRDA:2,428,0,0
BRDA:2,428,1,0
BRDA:2,429,0,0
BRDA:2,429,1,0
BRDA:2,430,0,0
BRDA:2,430,1,0
BRDA:2,430,2,0
BRDA:2,431,0,0
BRDA:2,431,1,0
BRDA:2,432,0,0
BRDA:2,432,1,0
BRDA:2,432,2,0
BRDA:2,433,0,0
BRDA:2,433,1,0
BRDA:2,434,0,0
BRDA:2,434,1,0
BRDA:2,435,0,0
BRDA:2,435,1,0
BRDA:2,436,0,0
BRDA:2,436,1,0
BRDA:2,437,0,0
BRDA:2,437,1,0
BRDA:2,438,0,0
BRDA:2,438,1,0
BRDA:2,439,0,0
BRDA:2,439,1,0
BRDA:2,440,0,0
BRDA:2,440,1,0
BRDA:2,440,2,0
BRDA:2,441,0,0
BRDA:2,441,1,0
BRDA:2,442,0,0
BRDA:2,442,1,0
BRDA:2,443,0,0
BRDA:2,443,1,0
BRDA:2,444,0,0
BRDA:2,444,1,0
BRDA:2,445,0,4
BRDA:2,445,1,0
BRDA:2,446,0,0
BRDA:2,446,1,0
BRDA:2,447,0,0
BRDA:2,447,1,0
BRDA:2,448,0,0
BRDA:2,448,1,0
BRDA:2,449,0,0
BRDA:2,449,1,0
BRDA:2,450,0,0
BRDA:2,450,1,0
BRDA:2,451,0,0
BRDA:2,451,1,0
BRDA:2,452,0,0
BRDA:2,452,1,0
BRDA:2,453,0,0
BRDA:2,453,1,0
BRDA:2,454,0,0
BRDA:2,454,1,0
BRDA:2,455,0,0
BRDA:2,455,1,0
BRDA:2,456,0,0
BRDA:2,456,1,0
BRDA:2,457,0,0
BRDA:2,457,1,0
BRDA:2,458,0,0
BRDA:2,458,1,0
BRDA:2,459,0,0
BRDA:2,459,1,0
BRDA:2,460,0,0
BRDA:2,460,1,0
BRDA:2,460,2,0
BRDA:2,460,3,0
BRDA:2,461,0,0
BRDA:2,461,1,0
BRDA:2,462,0,0
BRDA:2,462,1,0
BRDA:2,463,0,0
BRDA:2,463,1,0
BRDA:2,464,0,0
BRDA:2,464,1,0
BRDA:2,465,0,0
BRDA:2,465,1,0
BRDA:2,466,0,0
BRDA:2,466,1,0
BRDA:2,467,0,0
BRDA:2,467,1,0
BRDA:2,468,0,0
BRDA:2,468,1,0
BRDA:2,469,0,0
BRDA:2,469,1,0
BRDA:2,470,0,0
BRDA:2,470,1,0
BRDA:2,470,2,0
BRDA:2,471,0,0
BRDA:2,471,1,0
BRDA:2,472,0,0
BRDA:2,472,1,0
BRDA:2,472,2,0
BRDA:2,473,0,0
BRDA:2,473,1,0
BRDA:2,474,0,0
BRDA:2,474,1,0
BRDA:2,475,0,0
BRDA:2,475,1,0
BRDA:2,476,0,0
BRDA:2,476,1,0
BRDA:2,477,0,0
BRDA:2,477,1,0
BRDA:2,478,0,0
BRDA:2,478,1,0
BRDA:2,479,0,0
BRDA:2,479,1,4
BRDA:2,480,0,0
BRDA:2,480,1,0
BRDA:2,481,0,0
BRDA:2,481,1,4
BRDA:2,482,0,0
BRDA:2,482,1,0
BRDA:2,483,0,0
BRDA:2,483,1,0
BRDA:2,483,2,0
BRDA:2,484,0,4
BRDA:2,484,1,4
BRDA:2,484,2,4
BRDA:2,484,3,4
BRDA:2,485,0,0
BRDA:2,485,1,0
BRDA:2,486,0,0
BRDA:2,486,1,0
BRDA:2,487,0,4
BRDA:2,487,1,0
BRDA:2,488,0,0
BRDA:2,488,1,0
BRDA:2,489,0,0
BRDA:2,489,1,0
BRDA:2,490,0,0
BRDA:2,490,1,0
BRDA:2,491,0,0
BRDA:2,491,1,0
BRDA:2,492,0,0
BRDA:2,492,1,0
BRDA:2,493,0,0
BRDA:2,493,1,0
BRDA:2,494,0,0
BRDA:2,494,1,0
BRDA:2,495,0,0
BRDA:2,495,1,0
BRDA:2,496,0,0
BRDA:2,496,1,0
BRDA:2,497,0,0
BRDA:2,497,1,0
BRDA:2,498,0,0
BRDA:2,498,1,0
BRDA:2,499,0,0
BRDA:2,499,1,0
BRDA:2,500,0,0
BRDA:2,500,1,0
BRDA:2,501,0,0
BRDA:2,501,1,0
BRDA:2,502,0,0
BRDA:2,502,1,0
BRDA:2,502,2,0
BRDA:2,503,0,0
BRDA:2,503,1,0
BRDA:2,504,0,0
BRDA:2,504,1,0
BRDA:2,505,0,0
BRDA:2,505,1,0
BRDA:2,506,0,0
BRDA:2,506,1,0
BRDA:2,507,0,0
BRDA:2,507,1,0
BRDA:2,508,0,0
BRDA:2,508,1,0
BRDA:2,508,2,0
BRDA:2,509,0,0
BRDA:2,509,1,0
BRDA:2,510,0,0
BRDA:2,510,1,0
BRDA:2,511,0,0
BRDA:2,511,1,0
BRDA:2,512,0,0
BRDA:2,512,1,0
BRDA:2,512,2,0
BRDA:2,513,0,0
BRDA:2,513,1,0
BRDA:2,514,0,0
BRDA:2,514,1,0
BRDA:2,515,0,0
BRDA:2,515,1,0
BRDA:2,516,0,0
BRDA:2,516,1,0
BRDA:2,517,0,0
BRDA:2,517,1,0
BRDA:2,518,0,0
BRDA:2,518,1,0
BRDA:2,519,0,0
BRDA:2,519,1,0
BRDA:2,520,0,0
BRDA:2,520,1,0
BRDA:2,521,0,4
BRDA:2,521,1,4
BRDA:2,521,2,4
BRDA:2,522,0,0
BRDA:2,522,1,0
BRDA:2,522,2,0
BRDA:2,523,0,0
BRDA:2,523,1,0
BRDA:2,524,0,0
BRDA:2,524,1,0
BRDA:2,524,2,0
BRDA:2,525,0,0
BRDA:2,525,1,0
BRDA:2,525,2,0
BRDA:2,526,0,0
BRDA:2,526,1,0
BRDA:2,526,2,0
BRDA:2,526,3,0
BRDA:2,527,0,0
BRDA:2,527,1,0
BRDA:2,528,0,0
BRDA:2,528,1,0
BRDA:2,529,0,0
BRDA:2,529,1,0
BRDA:2,530,0,4
BRDA:2,530,1,0
BRDA:2,531,0,0
BRDA:2,531,1,0
BRDA:2,532,0,0
BRDA:2,532,1,0
BRDA:2,532,2,0
BRDA:2,532,3,0
BRDA:2,532,4,0
BRDA:2,532,5,0
BRDA:2,533,0,0
BRDA:2,533,1,0
BRDA:2,534,0,0
BRDA:2,534,1,0
BRDA:2,535,0,0
BRDA:2,535,1,0
BRDA:2,535,2,0
BRDA:2,536,0,0
BRDA:2,536,1,0
BRDA:2,537,0,0
BRDA:2,537,1,0
BRDA:2,538,0,0
BRDA:2,538,1,0
BRDA:2,539,0,0
BRDA:2,539,1,0
BRDA:2,540,0,0
BRDA:2,540,1,0
BRDA:2,540,2,0
BRDA:2,540,3,0
BRDA:2,541,0,4
BRDA:2,541,1,0
BRDA:2,542,0,0
BRDA:2,542,1,0
BRDA:2,543,0,0
BRDA:2,543,1,4
BRDA:2,544,0,4
BRDA:2,544,1,0
BRDA:2,545,0,4
BRDA:2,545,1,4
BRF:1202
BRH:59
end_of_record
TN:
SF:/Users/dhani/dev/napp/src/utils/newsAPI.js
FN:12,_interopRequireDefault
FN:12,getSources
FN:12,(anonymous_2)
FN:12,displayArticles
FN:14,(anonymous_4)
FN:15,(anonymous_5)
FNF:6
FNH:5
FNDA:3,_interopRequireDefault
FNDA:6,getSources
FNDA:6,(anonymous_2)
FNDA:4,displayArticles
FNDA:4,(anonymous_4)
FNDA:0,(anonymous_5)
DA:1,3
DA:12,6
DA:13,4
DA:14,4
DA:16,0
DA:19,0
DA:20,0
DA:22,0
LF:8
LH:4
BRDA:12,0,0,3
BRDA:12,0,1,0
BRDA:12,1,0,3
BRDA:12,1,1,3
BRDA:16,2,0,0
BRDA:16,2,1,0
BRDA:20,3,0,0
BRDA:20,3,1,0
BRF:8
BRH:3
end_of_record
